10007
7
23
101
109
37
97
59
31
2
3
2
11
127
8461
9137
3109
6197
6073
7019
9613
6971
7573
8087
907
8581
8923
37
7243
4091
229
7349
3491
6733
877
251
6547
7331
9209
5197
4813
6793
5683
4967
9277
4139
4093
2357
6673
6521
5737
6271
3491
9643
709
739
4567
9629
773
1801
59
7349
9151
9901
4091
6359
139
6977
3691
5693
2179
8501
2503
7853
9811
8101
8353
257
457
1361
6779
2521
3989
6607
2161
4679
7349
6733
653
8111
4877
719
5471
367
607
5897
6733
7103
2879
6761
2789
1399
1613
1627
9239
7789
9721
3917
8039
6529
5273
1151
9041
9239
7753
7559
263
5081
631
919
9539
1847
7993
1361
2213
4933
3583
5297
2027
6449
2053
1171
7829
7
2789
3407
7789
8861
7321
2161
5387
8941
3301
787
8167
7411
4679
4783
8831
1657
2053
8369
3499
17
6067
2063
1301
9643
7349
9677
2437
5737
853
6619
5741
10007
19
9883
5197
3691
2029
6947
2633
5333
7699
7151
2729
8731
1931
1549
373
3967
6269
223
331
8677
2273
1627
4673
9613
7669
7103
1699
8501
3719
7451
4831
83
7321
19
3779
5693
3299
6421
1019
997
9901
97
6073
1823
7993
6449
2131
607
6661
8819
9281
5297
439
3947
4903
8093
7411
2953
2939
1109
383
4127
7541
4049
487
1319
6089
3779
4073
7103
1123
3967
3547
7193
2129
1543
10007
607
8501
2999
9419
7789
8287
6211
8069
9533
653
5471
2473
3593
2917
9209
4049
457
9601
883
1777
5683
4663
2203
9137
5779
2503
2677
9319
4621
563
9311
1567
9059
2309
983
3181
577
7193
1237
6469
7841
6701
8929
7789
9613
8147
8171
6421
4079
9059
8191
9767
67
6733
8893
5839
9209
1571
1511
173
8501
811
1741
3889
9461
9067
7069
37
2609
8297
2843
6793
1361
1777
919
7307
6247
9091
3727
331
4493
8269
83
4561
4987
5333
6761
547
3251
8263
7069
1733
9067
5147
5623
8521
4217
9029
4909
6823
3671
7753
3613
5011
5867
881
8669
2111
9967
8747
8803
809
7013
5227
5381
8353
547
2099
5233
149
347
2297
1873
5779
7451
3847
4283
8009
2861
5557
4831
6529
3299
4783
7901
5501
2017
6563
3967
8329
5297
2749
9133
8663
4327
4493
3347
1217
2939
8581
1361
3299
7229
3229
9041
1019
3433
9661
9029
6277
5197
191
2801
4831
1327
7043
331
3343
3607
4283
1663
5261
3389
797
251
7699
1627
3607
8923
4561
8527
269
4201
2099
9851
9587
3119
9613
5581
2129
5897
769
2333
5039
1949
3637
2081
8623
3323
2027
9257
4987
7283
2633
2129
3877
6679
3761
7477
5591
8297
2347
2207
8831
4447
8419
8419
7559
4373
3967
6037
251
1087
8353
1657
9377
8353
3727
7993
1657
2099
7237
6637
5737
6211
8753
9601
2887
8849
7069
4831
3499
5779
3389
2333
197
1777
7069
4099
6143
1039
131
2749
8501
4831
739
7841
3163
809
2179
1171
2909
9413
7817
8627
1973
2909
8219
4861
8111
1627
9677
1597
7393
3049
3917
3929
1171
991
4391
3671
8377
4507
2767
3191
5689
3499
7393
8849
4327
9587
17
7207
5309
4177
5827
7283
3433
397
2129
1531
2027
8147
9473
5779
1181
3389
6029
8707
727
409
2371
5449
1277
1481
8641
6947
4967
6029
2153
9277
1931
8521
2833
7229
9041
5003
853
8819
5399
2969
347
3767
7457
9817
9521
8629
9587
5557
3691
6637
2309
2399
2081
9923
3877
7057
6863
8837
9421
5381
4457
7691
3877
3631
4919
2909
8627
2129
1721
4019
1439
8419
4139
8887
4583
3659
3877
487
5557
7547
7121
4201
9941
5557
4127
163
8951
7331
8999
4721
2683
9803
2411
2909
3433
3677
2179
2053
5801
239
2417
7229
5003
6551
6113
9587
6563
6337
6421
8461
3881
9883
2657
173
1777
6779
331
709
443
5683
5431
9479
5477
4201
2383
5261
7867
4547
3643
3659
4787
6067
7229
9787
8963
9697
5737
1867
6029
2137
317
6257
8363
2969
6421
131
6089
6761
839
2887
8779
2617
2371
4253
6803
4751
5843
1009
5639
9491
1009
431
1901
8231
6563
7207
4271
8629
9067
293
7121
9391
6547
5477
8699
2963
5623
1151
6067
6449
4019
4861
5407
6373
5437
2203
1117
1277
3203
6761
7121
4211
3527
5381
8803
6449
2557
3061
5077
1619
3343
2179
7349
6247
4001
6043
5557
9613
3533
1607
2399
7547
2789
7817
3919
4583
6353
1381
2203
5903
8147
9319
6469
8009
4673
5261
797
3581
4649
5849
1543
7993
4391
8887
577
8377
1283
6121
4337
4813
4073
6733
2357
3217
4519
2633
7789
7219
4003
10007
3119
8501
5651
9587
2843
6673
4813
3631
241
9461
5839
1783
3803
211
7019
727
4931
4649
3203
9257
9461
7283
5981
8161
6827
6857
7151
4621
4073
1151
953
7177
5981
6599
6761
8819
9619
7919
8803
9857
3719
4621
7993
3877
4831
1361
4591
6101
6007
7789
5351
1811
1399
7681
6323
4583
877
3457
9187
4937
947
6481
8461
3271
9431
1559
2081
9049
5821
877
5261
9533
1847
3251
9767
3011
947
4349
9103
6959
8501
809
8761
6221
4861
1439
797
5711
4903
6329
6997
2203
2819
5471
5471
8597
3371
3889
7639
9181
1103
9239
5077
2939
8831
4813
5939
9781
5507
1399
6733
331
2203
1847
2903
3389
9619
3691
9091
863
13
6073
3049
9173
7879
4861
4111
1249
8737
8087
6779
6197
7321
1831
5471
6143
2999
1409
5923
4861
9151
8999
5179
7687
809
8081
1061
431
8117
139
1289
4481
2579
691
3643
6791
5557
4099
4391
619
2179
1151
3163
9497
9337
8623
5639
2333
6373
7901
7177
5519
6863
8699
3203
4027
3137
4259
809
1237
751
8443
5717
3307
9127
5711
6449
1009
9803
829
7993
1987
8329
1129
7823
7669
9749
3457
6329
6121
7691
9851
1637
4561
8563
1187
4931
1667
5441
5737
9257
6197
4177
4967
5843
9643
673
2293
6997
6827
9473
4973
8807
7817
6101
6637
5471
2203
6449
1783
